d:\code\c++\socket_wx_helper\debug\socket_wx_helper.pch
d:\code\c++\socket_wx_helper\debug\vc142.pdb
d:\code\c++\socket_wx_helper\debug\vc142.idb
d:\code\c++\socket_wx_helper\debug\pch.obj
d:\code\c++\socket_wx_helper\debug\zzhook.obj
d:\code\c++\socket_wx_helper\debug\wxid_get_info.obj
d:\code\c++\socket_wx_helper\debug\socketmain.obj
d:\code\c++\socket_wx_helper\debug\send_msg.obj
d:\code\c++\socket_wx_helper\debug\public.obj
d:\code\c++\socket_wx_helper\debug\processopt.obj
d:\code\c++\socket_wx_helper\debug\memopt.obj
d:\code\c++\socket_wx_helper\debug\init_match_pattern.obj
d:\code\c++\socket_wx_helper\debug\hutil.obj
d:\code\c++\socket_wx_helper\debug\htools.obj
d:\code\c++\socket_wx_helper\debug\hook_msg.obj
d:\code\c++\socket_wx_helper\debug\findpattern.obj
d:\code\c++\socket_wx_helper\debug\dllmain.obj
d:\code\c++\socket_wx_helper\debug\socket_wx_helper.ilk
d:\code\c++\socket_wx_helper\debug\socket_wx_helper.dll
d:\code\c++\socket_wx_helper\debug\socket_wx_helper.pdb
d:\code\c++\socket_wx_helper\debug\socket_wx_helper.lib
d:\code\c++\socket_wx_helper\debug\socket_wx_helper.exp
d:\code\c++\socket_wx_helper\debug\jsoncpp.dll
d:\code\c++\socket_wx_helper\debug\socket_wx_helper.tlog\cl.command.1.tlog
d:\code\c++\socket_wx_helper\debug\socket_wx_helper.tlog\cl.read.1.tlog
d:\code\c++\socket_wx_helper\debug\socket_wx_helper.tlog\cl.write.1.tlog
d:\code\c++\socket_wx_helper\debug\socket_wx_helper.tlog\link.command.1.tlog
d:\code\c++\socket_wx_helper\debug\socket_wx_helper.tlog\link.read.1.tlog
d:\code\c++\socket_wx_helper\debug\socket_wx_helper.tlog\link.write.1.tlog
d:\code\c++\socket_wx_helper\debug\socket_wx_helper.tlog\socket_wx_helper.write.1u.tlog
