d:\code\c++\socket_wx_helper\release\socket_wx_helper.pch
d:\code\c++\socket_wx_helper\release\vc142.pdb
d:\code\c++\socket_wx_helper\release\pch.obj
d:\code\c++\socket_wx_helper\release\zzhook.obj
d:\code\c++\socket_wx_helper\release\wxid_get_info.obj
d:\code\c++\socket_wx_helper\release\socketmain.obj
d:\code\c++\socket_wx_helper\release\send_msg.obj
d:\code\c++\socket_wx_helper\release\public.obj
d:\code\c++\socket_wx_helper\release\processopt.obj
d:\code\c++\socket_wx_helper\release\memopt.obj
d:\code\c++\socket_wx_helper\release\init_match_pattern.obj
d:\code\c++\socket_wx_helper\release\hutil.obj
d:\code\c++\socket_wx_helper\release\htools.obj
d:\code\c++\socket_wx_helper\release\hook_msg.obj
d:\code\c++\socket_wx_helper\release\group.obj
d:\code\c++\socket_wx_helper\release\gei_info.obj
d:\code\c++\socket_wx_helper\release\findpattern.obj
d:\code\c++\socket_wx_helper\release\dllmain.obj
d:\code\c++\socket_wx_helper\release\add_friend.obj
d:\code\c++\socket_wx_helper\release\socket_wx_helper.dll
d:\code\c++\socket_wx_helper\release\socket_wx_helper.pdb
d:\code\c++\socket_wx_helper\release\socket_wx_helper.lib
d:\code\c++\socket_wx_helper\release\socket_wx_helper.exp
d:\code\c++\socket_wx_helper\release\socket_wx_helper.ipdb
d:\code\c++\socket_wx_helper\release\socket_wx_helper.iobj
d:\code\c++\socket_wx_helper\release\socket_wx_helper.tlog\cl.command.1.tlog
d:\code\c++\socket_wx_helper\release\socket_wx_helper.tlog\cl.read.1.tlog
d:\code\c++\socket_wx_helper\release\socket_wx_helper.tlog\cl.write.1.tlog
d:\code\c++\socket_wx_helper\release\socket_wx_helper.tlog\link.command.1.tlog
d:\code\c++\socket_wx_helper\release\socket_wx_helper.tlog\link.read.1.tlog
d:\code\c++\socket_wx_helper\release\socket_wx_helper.tlog\link.write.1.tlog
d:\code\c++\socket_wx_helper\release\socket_wx_helper.tlog\socket_wx_helper.write.1u.tlog
